721151
135178
1307124
1197 1092
10.39
bk1 714 931 1050 1064
bk10a 140 0 518 119
bk10b 770 119 931 259
bk10c 1050 931 1169 980
bk11 637 259 812 378
bk12 0 0 140 406
bk13 434 420 574 917
bk14a 210 770 406 889
bk14b 896 812 1190 931
bk14c 770 0 931 119
bk15a 518 0 637 266
bk15b 0 406 119 742
bk16 896 609 1015 735
bk17a 140 119 511 301
bk17b 714 728 896 931
bk18 1015 609 1197 812
bk19 315 889 399 1008
bk2 574 609 707 903
bk20 252 420 434 770
bk21 0 952 315 1092
bk3 119 420 252 735
bk4 637 476 1197 609
bk5a 406 917 539 1057
bk5b 539 917 714 1050
bk5c 637 0 770 231
bk6 931 0 1064 315
bk7 931 378 1113 476
bk8a 0 742 210 952
bk8b 1064 0 1190 378
bk9a 707 609 889 728
bk9b 518 266 637 385
bk9c 140 301 497 420
bk9d 637 378 756 462
