2.0654e+07
1610189
39697840
5320 7462
13.33
M001 0 4032 1708 7266
M002 4284 2394 4956 3948
M003 2996 0 5180 1008
M004 0 1610 3080 3220
M005 2128 4732 2660 6118
M006 3052 5250 4914 6132
M007 3640 1904 3990 2772
M008 4662 6132 5306 7378
M009 0 560 980 1022
M010 2492 0 2786 616
M011 3052 6132 3878 6510
M012 3080 1498 3878 1904
M013 3990 2142 4256 2814
M014 3080 4284 3486 5208
M015 2646 3220 3052 4060
M016 2730 4060 3052 4858
M017 4214 1008 4606 1764
M018 3080 3892 4158 4284
M019 3444 3052 3836 3878
M020 4256 2142 5054 2394
M021 1736 5474 2128 6300
M022 3486 4872 4438 5236
M023 3080 1008 4214 1498
M024 3486 4606 4284 4872
M025 3486 4284 4270 4606
M026 4606 1008 4956 1736
M027 3080 3052 3444 3892
M028 2128 3220 2646 4284
M029 2506 616 2996 1610
M030 1204 784 2506 1512
M031 1708 6300 2100 7350
M032 3990 1764 4774 2142
M033 2100 6510 3990 7462
M034 3080 1904 3640 3052
M035 2128 6118 2982 6510
M036 1736 4284 2730 4732
M037 0 0 1218 560
M038 3836 2814 4284 3780
M039 2128 0 2492 784
M040 1736 3220 2128 4088
M041 4956 2394 5320 3248
M042 4270 3948 4438 4326
M043 1218 0 2128 532
M044 4438 3948 5068 5250
M045 3990 6132 4662 7294
M046 0 1022 1204 1526
M047 0 3220 434 4032
M048 434 3220 1736 3948
M049 1736 4732 2128 5474
